TN:
SF:__tests__/controllers/utils.ts
FN:3,resConfig
FNF:1
FNH:1
FNDA:12,resConfig
DA:1,1
DA:2,1
DA:3,12
DA:4,12
DA:5,12
DA:6,12
DA:7,12
DA:8,12
DA:9,12
DA:10,12
DA:11,12
DA:12,12
DA:13,12
LF:13
LH:13
BRDA:3,0,0,12
BRDA:5,1,0,12
BRDA:7,2,0,12
BRF:3
BRH:3
end_of_record
TN:
SF:controllers/CartController.ts
FN:4,<instance_members_initializer>
FN:5,CartController
FN:9,get
FN:20,getAll
FN:29,getById
FN:39,deleteProductCart
FN:49,registerProductCart
FN:75,updateProductCart
FNF:8
FNH:8
FNDA:1,<instance_members_initializer>
FNDA:1,CartController
FNDA:2,get
FNDA:2,getAll
FNDA:2,getById
FNDA:2,deleteProductCart
FNDA:2,registerProductCart
FNDA:2,updateProductCart
DA:1,1
DA:2,1
DA:3,1
DA:4,1
DA:5,1
DA:6,1
DA:7,1
DA:8,1
DA:9,1
DA:10,2
DA:11,2
DA:12,2
DA:13,2
DA:14,1
DA:15,1
DA:16,1
DA:17,1
DA:18,2
DA:19,1
DA:20,1
DA:21,2
DA:22,2
DA:23,1
DA:24,1
DA:25,1
DA:26,1
DA:27,2
DA:28,1
DA:29,1
DA:30,2
DA:31,2
DA:32,2
DA:33,1
DA:34,1
DA:35,1
DA:36,1
DA:37,2
DA:38,1
DA:39,1
DA:40,2
DA:41,2
DA:42,2
DA:43,1
DA:44,1
DA:45,1
DA:46,1
DA:47,2
DA:48,1
DA:49,1
DA:50,2
DA:51,2
DA:52,2
DA:53,2
DA:54,2
DA:55,2
DA:56,2
DA:57,2
DA:58,2
DA:59,2
DA:60,2
DA:61,2
DA:62,2
DA:63,2
DA:64,2
DA:65,2
DA:66,2
DA:67,2
DA:68,2
DA:69,1
DA:70,1
DA:71,1
DA:72,1
DA:73,2
DA:74,1
DA:75,1
DA:76,2
DA:77,2
DA:78,2
DA:79,2
DA:80,2
DA:81,2
DA:82,2
DA:83,2
DA:84,2
DA:85,2
DA:86,2
DA:87,2
DA:88,2
DA:89,2
DA:90,2
DA:91,2
DA:92,2
DA:93,2
DA:94,2
DA:95,1
DA:96,1
DA:97,1
DA:98,1
DA:99,2
DA:100,1
DA:101,1
DA:102,1
LF:102
LH:102
BRDA:4,0,0,1
BRDA:5,1,0,1
BRDA:9,2,0,2
BRDA:11,3,0,1
BRDA:11,4,0,0
BRDA:12,5,0,1
BRDA:12,6,0,0
BRDA:14,7,0,1
BRDA:16,8,0,0
BRDA:20,9,0,2
BRDA:23,10,0,1
BRDA:25,11,0,0
BRDA:29,12,0,2
BRDA:33,13,0,1
BRDA:35,14,0,0
BRDA:39,15,0,2
BRDA:43,16,0,1
BRDA:45,17,0,0
BRDA:49,18,0,2
BRDA:69,19,0,1
BRDA:71,20,0,0
BRDA:75,21,0,2
BRDA:95,22,0,1
BRDA:97,23,0,0
BRF:24
BRH:16
end_of_record
TN:
SF:infra/Result.ts
FN:2,<instance_members_initializer>
FNF:1
FNH:0
FNDA:0,<instance_members_initializer>
DA:1,1
DA:2,1
DA:3,0
DA:4,0
DA:5,1
DA:6,1
LF:6
LH:4
BRDA:2,0,0,0
BRF:1
BRH:0
end_of_record
TN:
SF:models/CartSchema.ts
FNF:0
FNH:0
DA:1,1
DA:2,1
DA:3,1
DA:4,1
DA:5,1
DA:6,1
DA:7,1
DA:8,1
DA:9,1
DA:10,1
DA:11,1
DA:12,1
LF:12
LH:12
BRF:0
BRH:0
end_of_record
TN:
SF:repository/CartRepository.ts
FNF:0
FNH:0
DA:1,1
DA:2,1
DA:3,1
DA:4,1
LF:4
LH:4
BRF:0
BRH:0
end_of_record
TN:
SF:services/CartService.ts
FN:6,get
FN:11,getAllWithLimit
FN:22,getAll
FN:27,deleteProductCart
FN:32,registerProductCart
FN:56,updateProductCart
FNF:6
FNH:0
FNDA:0,get
FNDA:0,getAllWithLimit
FNDA:0,getAll
FNDA:0,deleteProductCart
FNDA:0,registerProductCart
FNDA:0,updateProductCart
DA:1,1
DA:2,1
DA:3,1
DA:4,1
DA:5,1
DA:6,1
DA:7,0
DA:8,0
DA:9,0
DA:10,1
DA:11,1
DA:12,0
DA:13,0
DA:14,0
DA:15,0
DA:16,0
DA:17,0
DA:18,0
DA:19,0
DA:20,0
DA:21,1
DA:22,1
DA:23,0
DA:24,0
DA:25,0
DA:26,1
DA:27,1
DA:28,0
DA:29,0
DA:30,0
DA:31,1
DA:32,1
DA:33,0
DA:34,0
DA:35,0
DA:36,0
DA:37,0
DA:38,0
DA:39,0
DA:40,0
DA:41,0
DA:42,0
DA:43,0
DA:44,0
DA:45,0
DA:46,0
DA:47,0
DA:48,0
DA:49,0
DA:50,0
DA:51,0
DA:52,0
DA:53,0
DA:54,0
DA:55,1
DA:56,1
DA:57,0
DA:58,0
DA:59,0
DA:60,0
DA:61,0
DA:62,0
DA:63,0
DA:64,0
DA:65,0
DA:66,0
DA:67,0
DA:68,0
DA:69,0
DA:70,0
DA:71,0
DA:72,0
DA:73,0
DA:74,0
DA:75,0
DA:76,0
DA:77,0
DA:78,0
DA:79,0
DA:80,0
DA:81,0
DA:82,0
DA:83,0
DA:84,0
DA:85,0
DA:86,1
DA:87,1
LF:87
LH:18
BRF:0
BRH:0
end_of_record
